# Logfile created on 2014-05-14 10:39:18 +0200 by logger.rb/44203
I, [2014-05-14T10:39:18.669424 #29687]  INFO -- : 0:  diff-lcs (1.2.1) from /Users/miguel/.rvm/gems/ruby-2.1.0/specifications/diff-lcs-1.2.1.gemspec
I, [2014-05-14T10:39:18.670558 #29687]  INFO -- : 0:  json (1.8.1) from /Users/miguel/.rvm/rubies/ruby-2.1.0/lib/ruby/gems/2.1.0/specifications/default/json-1.8.1.gemspec
I, [2014-05-14T10:39:19.713490 #29687]  INFO -- : 0:  mini_portile (0.6.0) from /Users/miguel/.rvm/gems/ruby-2.1.0/specifications/mini_portile-0.6.0.gemspec
I, [2014-05-14T10:40:26.716117 #29687]  INFO -- : 0:  nokogiri (1.6.2.1) from /Users/miguel/.rvm/gems/ruby-2.1.0/specifications/nokogiri-1.6.2.1.gemspec
I, [2014-05-14T10:40:26.738138 #29687]  INFO -- : 0:  dmoz_sax_doc (0.0.5) from /Users/miguel/gems/dmoz_sax_doc/dmoz_sax_doc.gemspec
I, [2014-05-14T10:40:28.285259 #29687]  INFO -- : 0:  rspec-core (2.13.0) from /Users/miguel/.rvm/gems/ruby-2.1.0/specifications/rspec-core-2.13.0.gemspec
I, [2014-05-14T10:40:29.581268 #29687]  INFO -- : 0:  rspec-expectations (2.13.0) from /Users/miguel/.rvm/gems/ruby-2.1.0/specifications/rspec-expectations-2.13.0.gemspec
I, [2014-05-14T10:40:30.881708 #29687]  INFO -- : 0:  rspec-mocks (2.13.0) from /Users/miguel/.rvm/gems/ruby-2.1.0/specifications/rspec-mocks-2.13.0.gemspec
I, [2014-05-14T10:40:31.948637 #29687]  INFO -- : 0:  rspec (2.13.0) from /Users/miguel/.rvm/gems/ruby-2.1.0/specifications/rspec-2.13.0.gemspec
I, [2014-05-14T10:40:31.949061 #29687]  INFO -- : 0:  bundler (1.5.1) from /Users/miguel/.rvm/gems/ruby-2.1.0@global/specifications/bundler-1.5.1.gemspec
I, [2014-05-14T10:40:53.351344 #50195]  INFO -- : 0:  diff-lcs (1.2.1) from /Users/miguel/.rvm/gems/ruby-2.1.0/specifications/diff-lcs-1.2.1.gemspec
I, [2014-05-14T10:40:53.351673 #50195]  INFO -- : 0:  json (1.8.1) from /Users/miguel/.rvm/rubies/ruby-2.1.0/lib/ruby/gems/2.1.0/specifications/default/json-1.8.1.gemspec
I, [2014-05-14T10:40:53.351897 #50195]  INFO -- : 0:  mini_portile (0.6.0) from /Users/miguel/.rvm/gems/ruby-2.1.0/specifications/mini_portile-0.6.0.gemspec
I, [2014-05-14T10:40:53.352115 #50195]  INFO -- : 0:  nokogiri (1.6.2.1) from /Users/miguel/.rvm/gems/ruby-2.1.0/specifications/nokogiri-1.6.2.1.gemspec
I, [2014-05-14T10:40:53.403580 #50195]  INFO -- : 0:  dmoz_sax_doc (0.0.5) from /Users/miguel/gems/dmoz_sax_doc/dmoz_sax_doc.gemspec
I, [2014-05-14T10:40:53.404338 #50195]  INFO -- : 0:  rspec-core (2.13.0) from /Users/miguel/.rvm/gems/ruby-2.1.0/specifications/rspec-core-2.13.0.gemspec
I, [2014-05-14T10:40:53.404968 #50195]  INFO -- : 0:  rspec-expectations (2.13.0) from /Users/miguel/.rvm/gems/ruby-2.1.0/specifications/rspec-expectations-2.13.0.gemspec
I, [2014-05-14T10:40:53.405328 #50195]  INFO -- : 0:  rspec-mocks (2.13.0) from /Users/miguel/.rvm/gems/ruby-2.1.0/specifications/rspec-mocks-2.13.0.gemspec
I, [2014-05-14T10:40:53.405632 #50195]  INFO -- : 0:  rspec (2.13.0) from /Users/miguel/.rvm/gems/ruby-2.1.0/specifications/rspec-2.13.0.gemspec
I, [2014-05-14T10:40:53.405952 #50195]  INFO -- : 0:  bundler (1.5.1) from /Users/miguel/.rvm/gems/ruby-2.1.0@global/specifications/bundler-1.5.1.gemspec
